Using pre-set license
Built from '2020.3/staging' branch; Version is '2020.3.5f1 (8095aa901b9b) revision 8426922'; Using compiler version '192528614'; Build Type 'Release'
OS: 'Windows 10 Pro; OS build 19041.985; Version 2004; 64bit' Language: 'en' Physical Memory: 8072 MB
BatchMode: 1, IsHumanControllingUs: 0, StartBugReporterOnCrash: 0, Is64bit: 1, IsPro: 0

 COMMAND LINE ARGUMENTS:
D:\Program Files\Unity Editor\2020.3.5f1\Editor\Unity.exe
-adb2
-batchMode
-noUpm
-name
AssetImportWorker0
-projectPath
F:/GitHub Repo/Dreamer/DreamLand
-logFile
Logs/AssetImportWorker0.log
-srvPort
51054
Successfully changed project path to: F:/GitHub Repo/Dreamer/DreamLand
F:/GitHub Repo/Dreamer/DreamLand
Using Asset Import Pipeline V2.
Refreshing native plugins compatible for Editor in 41.78 ms, found 1 plugins.
Preloading 0 native plugins for Editor in 0.00 ms.
Initialize engine version: 2020.3.5f1 (8095aa901b9b)
[Subsystems] Discovering subsystems at path D:/Program Files/Unity Editor/2020.3.5f1/Editor/Data/Resources/UnitySubsystems
[Subsystems] Discovering subsystems at path F:/GitHub Repo/Dreamer/DreamLand/Assets
GfxDevice: creating device client; threaded=0
Direct3D:
    Version:  Direct3D 11.0 [level 11.1]
    Renderer: Radeon(TM) RX 460 Graphics (ID=0x67ef)
    Vendor:   
    VRAM:     4075 MB
    Driver:   27.20.1034.6
Initialize mono
Mono path[0] = 'D:/Program Files/Unity Editor/2020.3.5f1/Editor/Data/Managed'
Mono path[1] = 'D:/Program Files/Unity Editor/2020.3.5f1/Editor/Data/MonoBleedingEdge/lib/mono/unityjit'
Mono config path = 'D:/Program Files/Unity Editor/2020.3.5f1/Editor/Data/MonoBleedingEdge/etc'
Using monoOptions --debugger-agent=transport=dt_socket,embedding=1,server=y,suspend=n,address=127.0.0.1:56468
Begin MonoManager ReloadAssembly
Registering precompiled unity dll's ...
Register platform support module: D:/Program Files/Unity Editor/2020.3.5f1/Editor/Data/PlaybackEngines/WindowsStandaloneSupport/UnityEditor.WindowsStandalone.Extensions.dll
Registered in 0.001155 seconds.
Native extension for WindowsStandalone target not found
Refreshing native plugins compatible for Editor in 41.57 ms, found 1 plugins.
Preloading 0 native plugins for Editor in 0.00 ms.
Mono: successfully reloaded assembly
- Completed reload, in  0.942 seconds
Platform modules already initialized, skipping
Registering precompiled user dll's ...
Registered in 0.000885 seconds.
Begin MonoManager ReloadAssembly
Native extension for WindowsStandalone target not found
Refreshing native plugins compatible for Editor in 41.11 ms, found 1 plugins.
Preloading 0 native plugins for Editor in 0.00 ms.
Mono: successfully reloaded assembly
- Completed reload, in  1.035 seconds
Platform modules already initialized, skipping
========================================================================
Worker process is ready to serve import requests
Launched and connected shader compiler UnityShaderCompiler.exe after 0.07 seconds
Refreshing native plugins compatible for Editor in 0.65 ms, found 1 plugins.
Preloading 0 native plugins for Editor in 0.00 ms.
Unloading 1820 Unused Serialized files (Serialized files now loaded: 0)
System memory in use before: 87.3 MB.
System memory in use after: 87.2 MB.

Unloading 23 unused Assets to reduce memory usage. Loaded Objects now: 2270.
Total: 2.450400 ms (FindLiveObjects: 0.289900 ms CreateObjectMapping: 0.168900 ms MarkObjects: 1.856500 ms  DeleteObjects: 0.133600 ms)

========================================================================
Received Import Request.
  path: Assets/Sprites/Characters/Felix/Idle_to_attack_one.png
  artifactKey: Guid(1ae301c0cba96734186132cca4a65b2e) Importer(815301076,1909f56bfc062723c751e8b465ee728b)
Start importing Assets/Sprites/Characters/Felix/Idle_to_attack_one.png using Guid(1ae301c0cba96734186132cca4a65b2e) Importer(815301076,1909f56bfc062723c751e8b465ee728b)  -> (artifact id: 'e85719189c07f0bc036566c15baafd9d') in 0.170738 seconds
  Import took 0.174846 seconds .

========================================================================
Received Import Request.
  Time since last request: 21.636823 seconds.
  path: Assets/Sprites/Characters/Felix/Idle_to_attack_one.png
  artifactKey: Guid(1ae301c0cba96734186132cca4a65b2e) Importer(815301076,1909f56bfc062723c751e8b465ee728b)
Start importing Assets/Sprites/Characters/Felix/Idle_to_attack_one.png using Guid(1ae301c0cba96734186132cca4a65b2e) Importer(815301076,1909f56bfc062723c751e8b465ee728b)  -> (artifact id: 'd82f523e45c4e941a8d22b3bfc4a7dc5') in 0.018427 seconds
  Import took 0.022916 seconds .

========================================================================
Received Import Request.
  Time since last request: 0.020529 seconds.
  path: Assets/Sprites/Characters/Felix/Idle_to_attack_one.png
  artifactKey: Guid(1ae301c0cba96734186132cca4a65b2e) Importer(815301076,1909f56bfc062723c751e8b465ee728b)
Start importing Assets/Sprites/Characters/Felix/Idle_to_attack_one.png using Guid(1ae301c0cba96734186132cca4a65b2e) Importer(815301076,1909f56bfc062723c751e8b465ee728b)  -> (artifact id: 'd82f523e45c4e941a8d22b3bfc4a7dc5') in 0.007821 seconds
  Import took 0.013846 seconds .

========================================================================
Received Import Request.
  Time since last request: 47.600352 seconds.
  path: Assets/Sprites/Characters/Felix/Idle_to_attack_one.png
  artifactKey: Guid(1ae301c0cba96734186132cca4a65b2e) Importer(815301076,1909f56bfc062723c751e8b465ee728b)
Start importing Assets/Sprites/Characters/Felix/Idle_to_attack_one.png using Guid(1ae301c0cba96734186132cca4a65b2e) Importer(815301076,1909f56bfc062723c751e8b465ee728b)  -> (artifact id: 'd49a48ffb8f2e07bac905716c37d024e') in 0.021226 seconds
  Import took 0.025275 seconds .

========================================================================
Received Import Request.
  Time since last request: 20.876557 seconds.
  path: Assets/Sprites/Characters/Felix/Idle_to_attack_one.png
  artifactKey: Guid(1ae301c0cba96734186132cca4a65b2e) Importer(815301076,1909f56bfc062723c751e8b465ee728b)
Start importing Assets/Sprites/Characters/Felix/Idle_to_attack_one.png using Guid(1ae301c0cba96734186132cca4a65b2e) Importer(815301076,1909f56bfc062723c751e8b465ee728b)  -> (artifact id: 'bbd872697f3cbcd4b4489c3782508473') in 0.017321 seconds
  Import took 0.023176 seconds .

========================================================================
Received Import Request.
  Time since last request: 0.001092 seconds.
  path: Assets/Sprites/Characters/Felix/Idle_to_attack_one.png
  artifactKey: Guid(1ae301c0cba96734186132cca4a65b2e) Importer(815301076,1909f56bfc062723c751e8b465ee728b)
Start importing Assets/Sprites/Characters/Felix/Idle_to_attack_one.png using Guid(1ae301c0cba96734186132cca4a65b2e) Importer(815301076,1909f56bfc062723c751e8b465ee728b)  -> (artifact id: 'bbd872697f3cbcd4b4489c3782508473') in 0.025419 seconds
  Import took 0.032859 seconds .

========================================================================
Received Import Request.
  Time since last request: 10.914977 seconds.
  path: Assets/Sprites/Characters/Felix/Idle_to_attack_one.png
  artifactKey: Guid(1ae301c0cba96734186132cca4a65b2e) Importer(815301076,1909f56bfc062723c751e8b465ee728b)
Start importing Assets/Sprites/Characters/Felix/Idle_to_attack_one.png using Guid(1ae301c0cba96734186132cca4a65b2e) Importer(815301076,1909f56bfc062723c751e8b465ee728b)  -> (artifact id: 'f18bc480fd9a65a9e432fe395e907ab0') in 0.031255 seconds
  Import took 0.035942 seconds .

========================================================================
Received Import Request.
  Time since last request: 470.977310 seconds.
  path: Assets/Sprites/Characters/Felix/Idle_to_attack_one.png
  artifactKey: Guid(1ae301c0cba96734186132cca4a65b2e) Importer(815301076,1909f56bfc062723c751e8b465ee728b)
Start importing Assets/Sprites/Characters/Felix/Idle_to_attack_one.png using Guid(1ae301c0cba96734186132cca4a65b2e) Importer(815301076,1909f56bfc062723c751e8b465ee728b)  -> (artifact id: '78cf762994e2bc5811eb6a5989f7aef5') in 0.036001 seconds
  Import took 0.063276 seconds .

========================================================================
Received Import Request.
  Time since last request: 39.343547 seconds.
  path: Assets/Sprites/Characters/Felix/Idle_to_attack_one_addition.png
  artifactKey: Guid(56902ecfc6340e0418366bae1f0646dd) Importer(815301076,1909f56bfc062723c751e8b465ee728b)
Start importing Assets/Sprites/Characters/Felix/Idle_to_attack_one_addition.png using Guid(56902ecfc6340e0418366bae1f0646dd) Importer(815301076,1909f56bfc062723c751e8b465ee728b)  -> (artifact id: 'b4b79fcfca9c493e84cc4a170df55e41') in 0.036195 seconds
  Import took 0.045242 seconds .

========================================================================
Received Import Request.
  Time since last request: 48.172951 seconds.
  path: Assets/Sprites/Characters/Felix/IdleToAttack.anim
  artifactKey: Guid(1e2757714410f774d8f64ccc0d408386) Importer(815301076,1909f56bfc062723c751e8b465ee728b)
Start importing Assets/Sprites/Characters/Felix/IdleToAttack.anim using Guid(1e2757714410f774d8f64ccc0d408386) Importer(815301076,1909f56bfc062723c751e8b465ee728b)  -> (artifact id: 'e3434231a8b629abfe3a8960f1957e5d') in 0.033381 seconds
  Import took 0.078090 seconds .

========================================================================
Received Import Request.
  Time since last request: 0.001169 seconds.
  path: Assets/Sprites/Characters/Felix/IdleToAttack.anim
  artifactKey: Guid(1e2757714410f774d8f64ccc0d408386) Importer(815301076,1909f56bfc062723c751e8b465ee728b)
Start importing Assets/Sprites/Characters/Felix/IdleToAttack.anim using Guid(1e2757714410f774d8f64ccc0d408386) Importer(815301076,1909f56bfc062723c751e8b465ee728b)  -> (artifact id: 'e3434231a8b629abfe3a8960f1957e5d') in 0.035051 seconds
  Import took 0.039411 seconds .

========================================================================
Received Import Request.
  Time since last request: 780.654508 seconds.
  path: Assets/Sprites/Characters/Felix/Idle_to_attack_one.png
  artifactKey: Guid(1ae301c0cba96734186132cca4a65b2e) Importer(815301076,1909f56bfc062723c751e8b465ee728b)
Start importing Assets/Sprites/Characters/Felix/Idle_to_attack_one.png using Guid(1ae301c0cba96734186132cca4a65b2e) Importer(815301076,1909f56bfc062723c751e8b465ee728b)  -> (artifact id: '497763d0ba37b63fc1e70e450a0dc89f') in 0.055022 seconds
  Import took 0.075643 seconds .

========================================================================
Received Import Request.
  Time since last request: 3758.846552 seconds.
  path: Assets/Sprites/Characters/Felix/Idle_to_attack_one-p1.png
  artifactKey: Guid(77496a1eaea40344999d9fd57d687a81) Importer(815301076,1909f56bfc062723c751e8b465ee728b)
Start importing Assets/Sprites/Characters/Felix/Idle_to_attack_one-p1.png using Guid(77496a1eaea40344999d9fd57d687a81) Importer(815301076,1909f56bfc062723c751e8b465ee728b)  -> (artifact id: 'f510e83fe8ab88c3c935355daba4bedb') in 0.043277 seconds
  Import took 0.121689 seconds .

========================================================================
Received Import Request.
  Time since last request: 0.000258 seconds.
  path: Assets/Sprites/Characters/Felix/Idle_to_attack_one-p3.png
  artifactKey: Guid(a5f74233e4a68b14d8b1a37285870e6b) Importer(815301076,1909f56bfc062723c751e8b465ee728b)
Start importing Assets/Sprites/Characters/Felix/Idle_to_attack_one-p3.png using Guid(a5f74233e4a68b14d8b1a37285870e6b) Importer(815301076,1909f56bfc062723c751e8b465ee728b)  -> (artifact id: 'cf7b347b80eab318a4c24881072f38b6') in 0.022971 seconds
  Import took 0.043148 seconds .

========================================================================
Received Import Request.
  Time since last request: 0.000291 seconds.
  path: Assets/Sprites/Characters/Felix/Idle_to_attack_one-p5.png
  artifactKey: Guid(21be54d4c944df347bb9b53d561960fa) Importer(815301076,1909f56bfc062723c751e8b465ee728b)
Start importing Assets/Sprites/Characters/Felix/Idle_to_attack_one-p5.png using Guid(21be54d4c944df347bb9b53d561960fa) Importer(815301076,1909f56bfc062723c751e8b465ee728b)  -> (artifact id: 'a11e9aafe15071e84b524c6bf1b1d6a4') in 0.031102 seconds
  Import took 0.045106 seconds .

========================================================================
Received Import Request.
  Time since last request: 0.000223 seconds.
  path: Assets/Sprites/Characters/Felix/Idle_to_attack_one-p2.png
  artifactKey: Guid(3ed07b21ef63b3a4ab584527e22fb8f8) Importer(815301076,1909f56bfc062723c751e8b465ee728b)
Start importing Assets/Sprites/Characters/Felix/Idle_to_attack_one-p2.png using Guid(3ed07b21ef63b3a4ab584527e22fb8f8) Importer(815301076,1909f56bfc062723c751e8b465ee728b)  -> (artifact id: 'b2e6fd03391008622853ec0fa08dcbe0') in 0.023871 seconds
  Import took 0.034371 seconds .

========================================================================
Received Import Request.
  Time since last request: 52.496279 seconds.
  path: Assets/Sprites/Characters/Felix/Idle_to_attack_one-p1.png
  artifactKey: Guid(77496a1eaea40344999d9fd57d687a81) Importer(815301076,1909f56bfc062723c751e8b465ee728b)
Start importing Assets/Sprites/Characters/Felix/Idle_to_attack_one-p1.png using Guid(77496a1eaea40344999d9fd57d687a81) Importer(815301076,1909f56bfc062723c751e8b465ee728b)  -> (artifact id: '55e164ed428631efe816e6cd911710ee') in 0.037783 seconds
  Import took 0.054170 seconds .

========================================================================
Received Import Request.
  Time since last request: 0.000415 seconds.
  path: Assets/Sprites/Characters/Felix/Idle_to_attack_one-p3.png
  artifactKey: Guid(a5f74233e4a68b14d8b1a37285870e6b) Importer(815301076,1909f56bfc062723c751e8b465ee728b)
Start importing Assets/Sprites/Characters/Felix/Idle_to_attack_one-p3.png using Guid(a5f74233e4a68b14d8b1a37285870e6b) Importer(815301076,1909f56bfc062723c751e8b465ee728b)  -> (artifact id: 'e53659224eca9fd8fe03b39e301a8ec2') in 0.020827 seconds
  Import took 0.025180 seconds .

========================================================================
Received Import Request.
  Time since last request: 0.000220 seconds.
  path: Assets/Sprites/Characters/Felix/Idle_to_attack_one-p5.png
  artifactKey: Guid(21be54d4c944df347bb9b53d561960fa) Importer(815301076,1909f56bfc062723c751e8b465ee728b)
Start importing Assets/Sprites/Characters/Felix/Idle_to_attack_one-p5.png using Guid(21be54d4c944df347bb9b53d561960fa) Importer(815301076,1909f56bfc062723c751e8b465ee728b)  -> (artifact id: '90294637f67ad240a58ad9f3f8ef8c3f') in 0.026247 seconds
  Import took 0.030977 seconds .

========================================================================
Received Import Request.
  Time since last request: 0.000277 seconds.
  path: Assets/Sprites/Characters/Felix/Idle_to_attack_one-p2.png
  artifactKey: Guid(3ed07b21ef63b3a4ab584527e22fb8f8) Importer(815301076,1909f56bfc062723c751e8b465ee728b)
Start importing Assets/Sprites/Characters/Felix/Idle_to_attack_one-p2.png using Guid(3ed07b21ef63b3a4ab584527e22fb8f8) Importer(815301076,1909f56bfc062723c751e8b465ee728b)  -> (artifact id: 'e27973bfe2f207f9e98e476d691bea19') in 0.023911 seconds
  Import took 0.043469 seconds .

========================================================================
Received Import Request.
  Time since last request: 0.006221 seconds.
  path: Assets/Sprites/Characters/Felix/Idle_to_attack_one-p2.png
  artifactKey: Guid(3ed07b21ef63b3a4ab584527e22fb8f8) Importer(815301076,1909f56bfc062723c751e8b465ee728b)
Start importing Assets/Sprites/Characters/Felix/Idle_to_attack_one-p2.png using Guid(3ed07b21ef63b3a4ab584527e22fb8f8) Importer(815301076,1909f56bfc062723c751e8b465ee728b)  -> (artifact id: 'e27973bfe2f207f9e98e476d691bea19') in 0.026121 seconds
  Import took 0.031128 seconds .

========================================================================
Received Import Request.
  Time since last request: 903.471285 seconds.
  path: Assets/Sprites/Characters/Felix/Idle_to_attack_one.png
  artifactKey: Guid(1ae301c0cba96734186132cca4a65b2e) Importer(815301076,1909f56bfc062723c751e8b465ee728b)
Start importing Assets/Sprites/Characters/Felix/Idle_to_attack_one.png using Guid(1ae301c0cba96734186132cca4a65b2e) Importer(815301076,1909f56bfc062723c751e8b465ee728b)  -> (artifact id: '0e70aa674951305ca21d5b8ea65da6c9') in 0.023790 seconds
  Import took 0.044337 seconds .

========================================================================
Received Import Request.
  Time since last request: 10.024342 seconds.
  path: Assets/Sprites/Characters/Felix/Idle_to_attack_one.png
  artifactKey: Guid(1ae301c0cba96734186132cca4a65b2e) Importer(815301076,1909f56bfc062723c751e8b465ee728b)
Start importing Assets/Sprites/Characters/Felix/Idle_to_attack_one.png using Guid(1ae301c0cba96734186132cca4a65b2e) Importer(815301076,1909f56bfc062723c751e8b465ee728b)  -> (artifact id: 'd16e24d374c7bc90da7ec34b6ff78565') in 0.024727 seconds
  Import took 0.053979 seconds .

========================================================================
Received Import Request.
  Time since last request: 55.886422 seconds.
  path: Assets/Sprites/Characters/Felix/Idle_to_attack_one.png
  artifactKey: Guid(1ae301c0cba96734186132cca4a65b2e) Importer(815301076,1909f56bfc062723c751e8b465ee728b)
Start importing Assets/Sprites/Characters/Felix/Idle_to_attack_one.png using Guid(1ae301c0cba96734186132cca4a65b2e) Importer(815301076,1909f56bfc062723c751e8b465ee728b)  -> (artifact id: 'd97543720c7b563d7e331e2a6059cace') in 0.034764 seconds
  Import took 0.039311 seconds .

========================================================================
Received Import Request.
  Time since last request: 250.251136 seconds.
  path: Assets/Sprites/Characters/Felix/Felix_idle.png
  artifactKey: Guid(050915189d090a148bb4f8356ef78381) Importer(815301076,1909f56bfc062723c751e8b465ee728b)
Start importing Assets/Sprites/Characters/Felix/Felix_idle.png using Guid(050915189d090a148bb4f8356ef78381) Importer(815301076,1909f56bfc062723c751e8b465ee728b)  -> (artifact id: 'ea3cc6f509b6feb01c652a065772264d') in 0.022853 seconds
  Import took 0.038777 seconds .

========================================================================
Received Prepare
Registering precompiled user dll's ...
Registered in 0.016085 seconds.
Begin MonoManager ReloadAssembly
Native extension for WindowsStandalone target not found
Refreshing native plugins compatible for Editor in 0.41 ms, found 1 plugins.
Preloading 0 native plugins for Editor in 0.00 ms.
Mono: successfully reloaded assembly
- Completed reload, in  0.976 seconds
Platform modules already initialized, skipping
Refreshing native plugins compatible for Editor in 0.62 ms, found 1 plugins.
Preloading 0 native plugins for Editor in 0.00 ms.
Unloading 1813 Unused Serialized files (Serialized files now loaded: 0)
System memory in use before: 90.1 MB.
System memory in use after: 90.1 MB.

Unloading 12 unused Assets to reduce memory usage. Loaded Objects now: 2287.
Total: 4.606800 ms (FindLiveObjects: 0.414400 ms CreateObjectMapping: 0.130000 ms MarkObjects: 3.860200 ms  DeleteObjects: 0.198900 ms)

========================================================================
Received Prepare
Registering precompiled user dll's ...
Registered in 0.001199 seconds.
Begin MonoManager ReloadAssembly
Native extension for WindowsStandalone target not found
Refreshing native plugins compatible for Editor in 0.43 ms, found 1 plugins.
Preloading 0 native plugins for Editor in 0.00 ms.
Mono: successfully reloaded assembly
- Completed reload, in  0.974 seconds
Platform modules already initialized, skipping
Refreshing native plugins compatible for Editor in 0.40 ms, found 1 plugins.
Preloading 0 native plugins for Editor in 0.00 ms.
Unloading 1813 Unused Serialized files (Serialized files now loaded: 0)
System memory in use before: 90.1 MB.
System memory in use after: 90.1 MB.

Unloading 12 unused Assets to reduce memory usage. Loaded Objects now: 2291.
Total: 2.650700 ms (FindLiveObjects: 0.316500 ms CreateObjectMapping: 0.132300 ms MarkObjects: 2.050300 ms  DeleteObjects: 0.149600 ms)

========================================================================
Received Prepare
Registering precompiled user dll's ...
Registered in 0.000887 seconds.
Begin MonoManager ReloadAssembly
Native extension for WindowsStandalone target not found
Refreshing native plugins compatible for Editor in 0.41 ms, found 1 plugins.
Preloading 0 native plugins for Editor in 0.00 ms.
Mono: successfully reloaded assembly
- Completed reload, in  0.879 seconds
Platform modules already initialized, skipping
Refreshing native plugins compatible for Editor in 0.39 ms, found 1 plugins.
Preloading 0 native plugins for Editor in 0.00 ms.
Unloading 1813 Unused Serialized files (Serialized files now loaded: 0)
System memory in use before: 90.2 MB.
System memory in use after: 90.1 MB.

Unloading 12 unused Assets to reduce memory usage. Loaded Objects now: 2295.
Total: 2.876400 ms (FindLiveObjects: 0.478600 ms CreateObjectMapping: 0.099000 ms MarkObjects: 2.157000 ms  DeleteObjects: 0.139300 ms)

========================================================================
Received Prepare
Registering precompiled user dll's ...
Registered in 0.000974 seconds.
Begin MonoManager ReloadAssembly
Native extension for WindowsStandalone target not found
Refreshing native plugins compatible for Editor in 0.41 ms, found 1 plugins.
Preloading 0 native plugins for Editor in 0.00 ms.
Mono: successfully reloaded assembly
- Completed reload, in  1.019 seconds
Platform modules already initialized, skipping
Refreshing native plugins compatible for Editor in 0.42 ms, found 1 plugins.
Preloading 0 native plugins for Editor in 0.00 ms.
Unloading 1813 Unused Serialized files (Serialized files now loaded: 0)
System memory in use before: 90.2 MB.
System memory in use after: 90.1 MB.

Unloading 12 unused Assets to reduce memory usage. Loaded Objects now: 2299.
Total: 3.056900 ms (FindLiveObjects: 0.338100 ms CreateObjectMapping: 0.128600 ms MarkObjects: 2.427600 ms  DeleteObjects: 0.158700 ms)

========================================================================
Received Prepare
Registering precompiled user dll's ...
Registered in 0.000978 seconds.
Begin MonoManager ReloadAssembly
Native extension for WindowsStandalone target not found
Refreshing native plugins compatible for Editor in 0.41 ms, found 1 plugins.
Preloading 0 native plugins for Editor in 0.00 ms.
Mono: successfully reloaded assembly
- Completed reload, in  0.938 seconds
Platform modules already initialized, skipping
Refreshing native plugins compatible for Editor in 0.43 ms, found 1 plugins.
Preloading 0 native plugins for Editor in 0.00 ms.
Unloading 1814 Unused Serialized files (Serialized files now loaded: 0)
System memory in use before: 90.2 MB.
System memory in use after: 90.2 MB.

Unloading 12 unused Assets to reduce memory usage. Loaded Objects now: 2304.
Total: 2.807900 ms (FindLiveObjects: 0.440800 ms CreateObjectMapping: 0.160200 ms MarkObjects: 2.080300 ms  DeleteObjects: 0.123400 ms)

========================================================================
Received Import Request.
  Time since last request: 2298.706759 seconds.
  path: Assets/Animations/Felix/Player.controller
  artifactKey: Guid(4d6a22597b5102c4996d4c98ffcbb230) Importer(815301076,1909f56bfc062723c751e8b465ee728b)
Start importing Assets/Animations/Felix/Player.controller using Guid(4d6a22597b5102c4996d4c98ffcbb230) Importer(815301076,1909f56bfc062723c751e8b465ee728b)  -> (artifact id: '4409417d48e36acba6c71fe4a07ac1ce') in 0.053307 seconds
  Import took 0.058966 seconds .

========================================================================
Received Prepare
Registering precompiled user dll's ...
Registered in 0.000890 seconds.
Begin MonoManager ReloadAssembly
Native extension for WindowsStandalone target not found
Refreshing native plugins compatible for Editor in 0.42 ms, found 1 plugins.
Preloading 0 native plugins for Editor in 0.00 ms.
Mono: successfully reloaded assembly
- Completed reload, in  1.088 seconds
Platform modules already initialized, skipping
Refreshing native plugins compatible for Editor in 0.41 ms, found 1 plugins.
Preloading 0 native plugins for Editor in 0.00 ms.
Unloading 1814 Unused Serialized files (Serialized files now loaded: 0)
System memory in use before: 90.2 MB.
System memory in use after: 90.2 MB.

Unloading 12 unused Assets to reduce memory usage. Loaded Objects now: 2308.
Total: 2.782300 ms (FindLiveObjects: 0.461900 ms CreateObjectMapping: 0.234900 ms MarkObjects: 1.955000 ms  DeleteObjects: 0.128800 ms)

========================================================================
Received Prepare
Registering precompiled user dll's ...
Registered in 0.001022 seconds.
Begin MonoManager ReloadAssembly
Native extension for WindowsStandalone target not found
Refreshing native plugins compatible for Editor in 0.41 ms, found 1 plugins.
Preloading 0 native plugins for Editor in 0.00 ms.
Mono: successfully reloaded assembly
- Completed reload, in  1.054 seconds
Platform modules already initialized, skipping
Refreshing native plugins compatible for Editor in 0.47 ms, found 1 plugins.
Preloading 0 native plugins for Editor in 0.00 ms.
Unloading 1814 Unused Serialized files (Serialized files now loaded: 0)
System memory in use before: 90.2 MB.
System memory in use after: 90.2 MB.

Unloading 12 unused Assets to reduce memory usage. Loaded Objects now: 2312.
Total: 2.719200 ms (FindLiveObjects: 0.402000 ms CreateObjectMapping: 0.124400 ms MarkObjects: 2.054300 ms  DeleteObjects: 0.136500 ms)

========================================================================
Received Prepare
Registering precompiled user dll's ...
Registered in 0.001124 seconds.
Begin MonoManager ReloadAssembly
Native extension for WindowsStandalone target not found
Refreshing native plugins compatible for Editor in 0.63 ms, found 1 plugins.
Preloading 0 native plugins for Editor in 0.00 ms.
Mono: successfully reloaded assembly
- Completed reload, in  0.934 seconds
Platform modules already initialized, skipping
Refreshing native plugins compatible for Editor in 0.55 ms, found 1 plugins.
Preloading 0 native plugins for Editor in 0.00 ms.
Unloading 1814 Unused Serialized files (Serialized files now loaded: 0)
System memory in use before: 90.2 MB.
System memory in use after: 90.2 MB.

Unloading 12 unused Assets to reduce memory usage. Loaded Objects now: 2316.
Total: 2.594000 ms (FindLiveObjects: 0.263100 ms CreateObjectMapping: 0.083300 ms MarkObjects: 2.050700 ms  DeleteObjects: 0.126300 ms)

========================================================================
Received Prepare
Registering precompiled user dll's ...
Registered in 0.001305 seconds.
Begin MonoManager ReloadAssembly
Native extension for WindowsStandalone target not found
Refreshing native plugins compatible for Editor in 0.40 ms, found 1 plugins.
Preloading 0 native plugins for Editor in 0.00 ms.
Mono: successfully reloaded assembly
- Completed reload, in  1.012 seconds
Platform modules already initialized, skipping
Refreshing native plugins compatible for Editor in 0.40 ms, found 1 plugins.
Preloading 0 native plugins for Editor in 0.00 ms.
Unloading 1814 Unused Serialized files (Serialized files now loaded: 0)
System memory in use before: 90.3 MB.
System memory in use after: 90.2 MB.

Unloading 12 unused Assets to reduce memory usage. Loaded Objects now: 2320.
Total: 2.253500 ms (FindLiveObjects: 0.221100 ms CreateObjectMapping: 0.106800 ms MarkObjects: 1.797400 ms  DeleteObjects: 0.126200 ms)

========================================================================
Received Prepare
Registering precompiled user dll's ...
Registered in 0.001387 seconds.
Begin MonoManager ReloadAssembly
Native extension for WindowsStandalone target not found
Refreshing native plugins compatible for Editor in 0.44 ms, found 1 plugins.
Preloading 0 native plugins for Editor in 0.00 ms.
Mono: successfully reloaded assembly
- Completed reload, in  0.923 seconds
Platform modules already initialized, skipping
Refreshing native plugins compatible for Editor in 0.39 ms, found 1 plugins.
Preloading 0 native plugins for Editor in 0.00 ms.
Unloading 1814 Unused Serialized files (Serialized files now loaded: 0)
System memory in use before: 90.3 MB.
System memory in use after: 90.2 MB.

Unloading 12 unused Assets to reduce memory usage. Loaded Objects now: 2324.
Total: 2.262000 ms (FindLiveObjects: 0.248200 ms CreateObjectMapping: 0.079900 ms MarkObjects: 1.788800 ms  DeleteObjects: 0.142900 ms)

========================================================================
Received Import Request.
  Time since last request: 838.762677 seconds.
  path: Assets/Animations/Felix/Pixel
  artifactKey: Guid(7fb18f6b1d4ea5d4aab752f04bb40a75) Importer(815301076,1909f56bfc062723c751e8b465ee728b)
Start importing Assets/Animations/Felix/Pixel using Guid(7fb18f6b1d4ea5d4aab752f04bb40a75) Importer(815301076,1909f56bfc062723c751e8b465ee728b)  -> (artifact id: 'd88ae0cb9cdd34d11cc007fa22ca20e5') in 0.018221 seconds
  Import took 0.022958 seconds .

========================================================================
Received Import Request.
  Time since last request: 0.308097 seconds.
  path: Assets/Animations/Felix/Pixel
  artifactKey: Guid(7fb18f6b1d4ea5d4aab752f04bb40a75) Importer(815301076,1909f56bfc062723c751e8b465ee728b)
Start importing Assets/Animations/Felix/Pixel using Guid(7fb18f6b1d4ea5d4aab752f04bb40a75) Importer(815301076,1909f56bfc062723c751e8b465ee728b)  -> (artifact id: 'd88ae0cb9cdd34d11cc007fa22ca20e5') in 0.009968 seconds
  Import took 0.025749 seconds .

========================================================================
Received Import Request.
  Time since last request: 30.263932 seconds.
  path: Assets/Animations/Felix/Pixel/PlayerCombat.controller
  artifactKey: Guid(fe9daa5ba556b524ab035c7eca76c272) Importer(815301076,1909f56bfc062723c751e8b465ee728b)
Start importing Assets/Animations/Felix/Pixel/PlayerCombat.controller using Guid(fe9daa5ba556b524ab035c7eca76c272) Importer(815301076,1909f56bfc062723c751e8b465ee728b)  -> (artifact id: '699d58579ea4633156b2264d80a3c29b') in 0.024310 seconds
  Import took 0.028188 seconds .

========================================================================
Received Import Request.
  Time since last request: 148.806924 seconds.
  path: Assets/Scenes/Razina 1.unity
  artifactKey: Guid(9a2ce5e90f1747e4e9d26d6bbac14264) Importer(815301076,1909f56bfc062723c751e8b465ee728b)
Start importing Assets/Scenes/Razina 1.unity using Guid(9a2ce5e90f1747e4e9d26d6bbac14264) Importer(815301076,1909f56bfc062723c751e8b465ee728b)  -> (artifact id: '2823e32831536d306cbeb33fb3124425') in 0.021017 seconds
  Import took 0.024698 seconds .

========================================================================
Received Import Request.
  Time since last request: 17.632148 seconds.
  path: Assets/Sprites/Characters/Monsters Creatures Fantasy/Sprites/Mushroom/Idle.png
  artifactKey: Guid(f8b30c2afe165d645b54d500a9c30862) Importer(815301076,1909f56bfc062723c751e8b465ee728b)
Start importing Assets/Sprites/Characters/Monsters Creatures Fantasy/Sprites/Mushroom/Idle.png using Guid(f8b30c2afe165d645b54d500a9c30862) Importer(815301076,1909f56bfc062723c751e8b465ee728b)  -> (artifact id: '403e8f19a49400a3f5039c4e2d4cf69b') in 0.124930 seconds
  Import took 0.131735 seconds .

========================================================================
Received Import Request.
  Time since last request: 0.000302 seconds.
  path: Assets/Sprites/Environment/Sprite/DREAMER/long_chain_piece.png
  artifactKey: Guid(d09c095b1c2bade42bd28b9fcd249e9d) Importer(815301076,1909f56bfc062723c751e8b465ee728b)
Start importing Assets/Sprites/Environment/Sprite/DREAMER/long_chain_piece.png using Guid(d09c095b1c2bade42bd28b9fcd249e9d) Importer(815301076,1909f56bfc062723c751e8b465ee728b)  -> (artifact id: 'c63737d15e700a28f21176fda3902a19') in 0.102780 seconds
  Import took 0.107913 seconds .

========================================================================
Received Import Request.
  Time since last request: 0.000283 seconds.
  path: Assets/Sprites/Characters/Monsters Creatures Fantasy/Sprites/Mushroom/Idle.png
  artifactKey: Guid(f8b30c2afe165d645b54d500a9c30862) Importer(815301076,1909f56bfc062723c751e8b465ee728b)
Start importing Assets/Sprites/Characters/Monsters Creatures Fantasy/Sprites/Mushroom/Idle.png using Guid(f8b30c2afe165d645b54d500a9c30862) Importer(815301076,1909f56bfc062723c751e8b465ee728b)  -> (artifact id: '403e8f19a49400a3f5039c4e2d4cf69b') in 0.025470 seconds
  Import took 0.031264 seconds .

========================================================================
Received Import Request.
  Time since last request: 0.000332 seconds.
  path: Assets/Sprites/Environment/Sprite/DREAMER/long_chain_piece.png
  artifactKey: Guid(d09c095b1c2bade42bd28b9fcd249e9d) Importer(815301076,1909f56bfc062723c751e8b465ee728b)
Start importing Assets/Sprites/Environment/Sprite/DREAMER/long_chain_piece.png using Guid(d09c095b1c2bade42bd28b9fcd249e9d) Importer(815301076,1909f56bfc062723c751e8b465ee728b)  -> (artifact id: 'c63737d15e700a28f21176fda3902a19') in 0.008917 seconds
  Import took 0.014535 seconds .

========================================================================
Received Import Request.
  Time since last request: 0.000269 seconds.
  path: Assets/Sprites/Environment/Sprite/DREAMER/med_post.png
  artifactKey: Guid(fabf0dd4778453e4abca82cb3cb4c2b3) Importer(815301076,1909f56bfc062723c751e8b465ee728b)
Start importing Assets/Sprites/Environment/Sprite/DREAMER/med_post.png using Guid(fabf0dd4778453e4abca82cb3cb4c2b3) Importer(815301076,1909f56bfc062723c751e8b465ee728b)  -> (artifact id: 'f5c9d0335a6803ebd19ebed4ba2082af') in 0.045118 seconds
  Import took 0.049861 seconds .

========================================================================
Received Import Request.
  Time since last request: 0.000277 seconds.
  path: Assets/Sprites/Environment/Sprite/DREAMER/med_rope_piece.png
  artifactKey: Guid(551b45665a69e9648a1327abf207e10a) Importer(815301076,1909f56bfc062723c751e8b465ee728b)
Start importing Assets/Sprites/Environment/Sprite/DREAMER/med_rope_piece.png using Guid(551b45665a69e9648a1327abf207e10a) Importer(815301076,1909f56bfc062723c751e8b465ee728b)  -> (artifact id: 'fcc51adf4ca12aaf21225f8c3af1c9fb') in 0.050784 seconds
  Import took 0.056382 seconds .

========================================================================
Received Import Request.
  Time since last request: 50.854291 seconds.
  path: Assets/Animations/Felix/Pixel/PlayerCombat.controller
  artifactKey: Guid(fe9daa5ba556b524ab035c7eca76c272) Importer(815301076,1909f56bfc062723c751e8b465ee728b)
Start importing Assets/Animations/Felix/Pixel/PlayerCombat.controller using Guid(fe9daa5ba556b524ab035c7eca76c272) Importer(815301076,1909f56bfc062723c751e8b465ee728b)  -> (artifact id: 'e63e93b06c4c68df12bbda9776e9ba11') in 0.011627 seconds
  Import took 0.017149 seconds .

========================================================================
Received Import Request.
  Time since last request: 0.000645 seconds.
  path: Assets/Animations/Felix/Pixel/PlayerCombat.controller
  artifactKey: Guid(fe9daa5ba556b524ab035c7eca76c272) Importer(815301076,1909f56bfc062723c751e8b465ee728b)
Start importing Assets/Animations/Felix/Pixel/PlayerCombat.controller using Guid(fe9daa5ba556b524ab035c7eca76c272) Importer(815301076,1909f56bfc062723c751e8b465ee728b)  -> (artifact id: 'e63e93b06c4c68df12bbda9776e9ba11') in 0.002979 seconds
  Import took 0.008975 seconds .

========================================================================
Received Import Request.
  Time since last request: 32.323427 seconds.
  path: Assets/Animations/Felix/Pixel/FelixCombat.controller
  artifactKey: Guid(fe9daa5ba556b524ab035c7eca76c272) Importer(815301076,1909f56bfc062723c751e8b465ee728b)
Start importing Assets/Animations/Felix/Pixel/FelixCombat.controller using Guid(fe9daa5ba556b524ab035c7eca76c272) Importer(815301076,1909f56bfc062723c751e8b465ee728b)  -> (artifact id: 'a80329ed6c14cb03486d79e7abf45aac') in 0.014816 seconds
  Import took 0.019865 seconds .

========================================================================
Received Import Request.
  Time since last request: 78.969103 seconds.
  path: Assets/Animations/Felix/Pixel/IdleToAttack.anim
  artifactKey: Guid(1e2757714410f774d8f64ccc0d408386) Importer(815301076,1909f56bfc062723c751e8b465ee728b)
Start importing Assets/Animations/Felix/Pixel/IdleToAttack.anim using Guid(1e2757714410f774d8f64ccc0d408386) Importer(815301076,1909f56bfc062723c751e8b465ee728b)  -> (artifact id: '51e16dac7e8dccd9cd31ed2044093ca7') in 0.010707 seconds
  Import took 0.014948 seconds .

========================================================================
Received Prepare
Registering precompiled user dll's ...
Registered in 0.000937 seconds.
Begin MonoManager ReloadAssembly
Native extension for WindowsStandalone target not found
Refreshing native plugins compatible for Editor in 0.41 ms, found 1 plugins.
Preloading 0 native plugins for Editor in 0.00 ms.
Mono: successfully reloaded assembly
- Completed reload, in  0.970 seconds
Platform modules already initialized, skipping
Refreshing native plugins compatible for Editor in 0.41 ms, found 1 plugins.
Preloading 0 native plugins for Editor in 0.00 ms.
Unloading 1814 Unused Serialized files (Serialized files now loaded: 0)
System memory in use before: 90.3 MB.
System memory in use after: 90.3 MB.

Unloading 12 unused Assets to reduce memory usage. Loaded Objects now: 2335.
Total: 2.367400 ms (FindLiveObjects: 0.287800 ms CreateObjectMapping: 0.097400 ms MarkObjects: 1.858700 ms  DeleteObjects: 0.122300 ms)

========================================================================
Received Prepare
Registering precompiled user dll's ...
Registered in 0.000956 seconds.
Begin MonoManager ReloadAssembly
Native extension for WindowsStandalone target not found
Refreshing native plugins compatible for Editor in 0.42 ms, found 1 plugins.
Preloading 0 native plugins for Editor in 0.00 ms.
Mono: successfully reloaded assembly
- Completed reload, in  1.018 seconds
Platform modules already initialized, skipping
Refreshing native plugins compatible for Editor in 0.41 ms, found 1 plugins.
Preloading 0 native plugins for Editor in 0.00 ms.
Unloading 1814 Unused Serialized files (Serialized files now loaded: 0)
System memory in use before: 90.3 MB.
System memory in use after: 90.3 MB.

Unloading 12 unused Assets to reduce memory usage. Loaded Objects now: 2339.
Total: 3.456700 ms (FindLiveObjects: 0.308900 ms CreateObjectMapping: 0.100200 ms MarkObjects: 2.653400 ms  DeleteObjects: 0.391300 ms)

========================================================================
Received Prepare
Registering precompiled user dll's ...
Registered in 0.000882 seconds.
Begin MonoManager ReloadAssembly
Native extension for WindowsStandalone target not found
Refreshing native plugins compatible for Editor in 0.40 ms, found 1 plugins.
Preloading 0 native plugins for Editor in 0.00 ms.
Mono: successfully reloaded assembly
- Completed reload, in  0.938 seconds
Platform modules already initialized, skipping
Refreshing native plugins compatible for Editor in 0.43 ms, found 1 plugins.
Preloading 0 native plugins for Editor in 0.00 ms.
Unloading 1814 Unused Serialized files (Serialized files now loaded: 0)
System memory in use before: 90.3 MB.
System memory in use after: 90.3 MB.

Unloading 12 unused Assets to reduce memory usage. Loaded Objects now: 2343.
Total: 2.720300 ms (FindLiveObjects: 0.327000 ms CreateObjectMapping: 0.060000 ms MarkObjects: 2.196600 ms  DeleteObjects: 0.133600 ms)

========================================================================
Received Prepare
Registering precompiled user dll's ...
Registered in 0.001862 seconds.
Begin MonoManager ReloadAssembly
Native extension for WindowsStandalone target not found
Refreshing native plugins compatible for Editor in 0.41 ms, found 1 plugins.
Preloading 0 native plugins for Editor in 0.00 ms.
Mono: successfully reloaded assembly
- Completed reload, in  1.009 seconds
Platform modules already initialized, skipping
Refreshing native plugins compatible for Editor in 0.42 ms, found 1 plugins.
Preloading 0 native plugins for Editor in 0.00 ms.
Unloading 1814 Unused Serialized files (Serialized files now loaded: 0)
System memory in use before: 90.3 MB.
System memory in use after: 90.3 MB.

Unloading 12 unused Assets to reduce memory usage. Loaded Objects now: 2347.
Total: 3.053300 ms (FindLiveObjects: 0.441600 ms CreateObjectMapping: 0.215100 ms MarkObjects: 2.262700 ms  DeleteObjects: 0.131800 ms)

========================================================================
Received Prepare
Registering precompiled user dll's ...
Registered in 0.000876 seconds.
Begin MonoManager ReloadAssembly
Native extension for WindowsStandalone target not found
Refreshing native plugins compatible for Editor in 0.53 ms, found 1 plugins.
Preloading 0 native plugins for Editor in 0.00 ms.
Mono: successfully reloaded assembly
- Completed reload, in  1.512 seconds
Platform modules already initialized, skipping
Refreshing native plugins compatible for Editor in 0.85 ms, found 1 plugins.
Preloading 0 native plugins for Editor in 0.00 ms.
Unloading 1814 Unused Serialized files (Serialized files now loaded: 0)
System memory in use before: 90.3 MB.
System memory in use after: 90.3 MB.

Unloading 12 unused Assets to reduce memory usage. Loaded Objects now: 2351.
Total: 4.525700 ms (FindLiveObjects: 0.394900 ms CreateObjectMapping: 0.202700 ms MarkObjects: 3.731100 ms  DeleteObjects: 0.189300 ms)

========================================================================
Received Prepare
Registering precompiled user dll's ...
Registered in 0.001367 seconds.
Begin MonoManager ReloadAssembly
Native extension for WindowsStandalone target not found
Refreshing native plugins compatible for Editor in 0.40 ms, found 1 plugins.
Preloading 0 native plugins for Editor in 0.00 ms.
Mono: successfully reloaded assembly
- Completed reload, in  0.967 seconds
Platform modules already initialized, skipping
Refreshing native plugins compatible for Editor in 0.40 ms, found 1 plugins.
Preloading 0 native plugins for Editor in 0.00 ms.
Unloading 1814 Unused Serialized files (Serialized files now loaded: 0)
System memory in use before: 90.3 MB.
System memory in use after: 90.3 MB.

Unloading 12 unused Assets to reduce memory usage. Loaded Objects now: 2355.
Total: 2.584700 ms (FindLiveObjects: 0.257600 ms CreateObjectMapping: 0.068100 ms MarkObjects: 2.128600 ms  DeleteObjects: 0.127800 ms)

========================================================================
Received Prepare
Registering precompiled user dll's ...
Registered in 0.001282 seconds.
Begin MonoManager ReloadAssembly
Native extension for WindowsStandalone target not found
Refreshing native plugins compatible for Editor in 0.41 ms, found 1 plugins.
Preloading 0 native plugins for Editor in 0.00 ms.
Mono: successfully reloaded assembly
- Completed reload, in  0.930 seconds
Platform modules already initialized, skipping
Refreshing native plugins compatible for Editor in 0.38 ms, found 1 plugins.
Preloading 0 native plugins for Editor in 0.00 ms.
Unloading 1814 Unused Serialized files (Serialized files now loaded: 0)
System memory in use before: 90.3 MB.
System memory in use after: 90.3 MB.

Unloading 12 unused Assets to reduce memory usage. Loaded Objects now: 2359.
Total: 2.578500 ms (FindLiveObjects: 0.295500 ms CreateObjectMapping: 0.101200 ms MarkObjects: 2.056300 ms  DeleteObjects: 0.123500 ms)

========================================================================
Received Prepare
Registering precompiled user dll's ...
Registered in 0.000885 seconds.
Begin MonoManager ReloadAssembly
Native extension for WindowsStandalone target not found
Refreshing native plugins compatible for Editor in 0.40 ms, found 1 plugins.
Preloading 0 native plugins for Editor in 0.00 ms.
Mono: successfully reloaded assembly
- Completed reload, in  0.906 seconds
Platform modules already initialized, skipping
Refreshing native plugins compatible for Editor in 0.44 ms, found 1 plugins.
Preloading 0 native plugins for Editor in 0.00 ms.
Unloading 1814 Unused Serialized files (Serialized files now loaded: 0)
System memory in use before: 90.4 MB.
System memory in use after: 90.3 MB.

Unloading 12 unused Assets to reduce memory usage. Loaded Objects now: 2363.
Total: 2.680200 ms (FindLiveObjects: 0.293800 ms CreateObjectMapping: 0.114400 ms MarkObjects: 2.140900 ms  DeleteObjects: 0.129000 ms)

========================================================================
Received Prepare
Registering precompiled user dll's ...
Registered in 0.000959 seconds.
Begin MonoManager ReloadAssembly
Native extension for WindowsStandalone target not found
Refreshing native plugins compatible for Editor in 0.40 ms, found 1 plugins.
Preloading 0 native plugins for Editor in 0.00 ms.
Mono: successfully reloaded assembly
- Completed reload, in  0.885 seconds
Platform modules already initialized, skipping
Refreshing native plugins compatible for Editor in 0.40 ms, found 1 plugins.
Preloading 0 native plugins for Editor in 0.00 ms.
Unloading 1814 Unused Serialized files (Serialized files now loaded: 0)
System memory in use before: 90.4 MB.
System memory in use after: 90.3 MB.

Unloading 12 unused Assets to reduce memory usage. Loaded Objects now: 2367.
Total: 2.599700 ms (FindLiveObjects: 0.280300 ms CreateObjectMapping: 0.107300 ms MarkObjects: 2.077000 ms  DeleteObjects: 0.133100 ms)

========================================================================
Received Prepare
Registering precompiled user dll's ...
Registered in 0.000950 seconds.
Begin MonoManager ReloadAssembly
Native extension for WindowsStandalone target not found
Refreshing native plugins compatible for Editor in 0.40 ms, found 1 plugins.
Preloading 0 native plugins for Editor in 0.00 ms.
Mono: successfully reloaded assembly
- Completed reload, in  0.935 seconds
Platform modules already initialized, skipping
Refreshing native plugins compatible for Editor in 0.41 ms, found 1 plugins.
Preloading 0 native plugins for Editor in 0.00 ms.
Unloading 1814 Unused Serialized files (Serialized files now loaded: 0)
System memory in use before: 90.4 MB.
System memory in use after: 90.3 MB.

Unloading 12 unused Assets to reduce memory usage. Loaded Objects now: 2371.
Total: 2.492600 ms (FindLiveObjects: 0.211000 ms CreateObjectMapping: 0.054300 ms MarkObjects: 2.078200 ms  DeleteObjects: 0.146300 ms)

========================================================================
Received Import Request.
  Time since last request: 827.542092 seconds.
  path: Assets/Animations/Felix/Player.controller
  artifactKey: Guid(4d6a22597b5102c4996d4c98ffcbb230) Importer(815301076,1909f56bfc062723c751e8b465ee728b)
Start importing Assets/Animations/Felix/Player.controller using Guid(4d6a22597b5102c4996d4c98ffcbb230) Importer(815301076,1909f56bfc062723c751e8b465ee728b)  -> (artifact id: 'b7b24c30c57be0a2726ce656213951de') in 0.016124 seconds
  Import took 0.020998 seconds .

========================================================================
Received Prepare
Registering precompiled user dll's ...
Registered in 0.000926 seconds.
Begin MonoManager ReloadAssembly
Native extension for WindowsStandalone target not found
Refreshing native plugins compatible for Editor in 0.41 ms, found 1 plugins.
Preloading 0 native plugins for Editor in 0.00 ms.
Mono: successfully reloaded assembly
- Completed reload, in  0.972 seconds
Platform modules already initialized, skipping
Refreshing native plugins compatible for Editor in 0.38 ms, found 1 plugins.
Preloading 0 native plugins for Editor in 0.00 ms.
Unloading 1814 Unused Serialized files (Serialized files now loaded: 0)
System memory in use before: 90.4 MB.
System memory in use after: 90.4 MB.

Unloading 12 unused Assets to reduce memory usage. Loaded Objects now: 2375.
Total: 2.666400 ms (FindLiveObjects: 0.248100 ms CreateObjectMapping: 0.231900 ms MarkObjects: 2.062000 ms  DeleteObjects: 0.122600 ms)

========================================================================
Received Prepare
Registering precompiled user dll's ...
Registered in 0.000870 seconds.
Begin MonoManager ReloadAssembly
Native extension for WindowsStandalone target not found
Refreshing native plugins compatible for Editor in 0.42 ms, found 1 plugins.
Preloading 0 native plugins for Editor in 0.00 ms.
Mono: successfully reloaded assembly
- Completed reload, in  0.977 seconds
Platform modules already initialized, skipping
Refreshing native plugins compatible for Editor in 0.87 ms, found 1 plugins.
Preloading 0 native plugins for Editor in 0.00 ms.
Unloading 1814 Unused Serialized files (Serialized files now loaded: 0)
System memory in use before: 90.4 MB.
System memory in use after: 90.4 MB.

Unloading 12 unused Assets to reduce memory usage. Loaded Objects now: 2379.
Total: 2.524000 ms (FindLiveObjects: 0.228700 ms CreateObjectMapping: 0.102400 ms MarkObjects: 2.057700 ms  DeleteObjects: 0.132300 ms)

========================================================================
Received Prepare
Registering precompiled user dll's ...
Registered in 0.000865 seconds.
Begin MonoManager ReloadAssembly
Native extension for WindowsStandalone target not found
Refreshing native plugins compatible for Editor in 0.39 ms, found 1 plugins.
Preloading 0 native plugins for Editor in 0.00 ms.
Mono: successfully reloaded assembly
- Completed reload, in  0.901 seconds
Platform modules already initialized, skipping
Refreshing native plugins compatible for Editor in 0.41 ms, found 1 plugins.
Preloading 0 native plugins for Editor in 0.00 ms.
Unloading 1814 Unused Serialized files (Serialized files now loaded: 0)
System memory in use before: 90.4 MB.
System memory in use after: 90.4 MB.

Unloading 12 unused Assets to reduce memory usage. Loaded Objects now: 2383.
Total: 2.711800 ms (FindLiveObjects: 0.538600 ms CreateObjectMapping: 0.157600 ms MarkObjects: 1.884700 ms  DeleteObjects: 0.127600 ms)

========================================================================
Received Prepare
Registering precompiled user dll's ...
Registered in 0.001392 seconds.
Begin MonoManager ReloadAssembly
Native extension for WindowsStandalone target not found
Refreshing native plugins compatible for Editor in 0.39 ms, found 1 plugins.
Preloading 0 native plugins for Editor in 0.00 ms.
Mono: successfully reloaded assembly
- Completed reload, in  0.914 seconds
Platform modules already initialized, skipping
Refreshing native plugins compatible for Editor in 0.71 ms, found 1 plugins.
Preloading 0 native plugins for Editor in 0.00 ms.
Unloading 1814 Unused Serialized files (Serialized files now loaded: 0)
System memory in use before: 90.4 MB.
System memory in use after: 90.4 MB.

Unloading 12 unused Assets to reduce memory usage. Loaded Objects now: 2387.
Total: 4.486800 ms (FindLiveObjects: 0.409800 ms CreateObjectMapping: 0.275500 ms MarkObjects: 3.617100 ms  DeleteObjects: 0.181800 ms)

========================================================================
Received Prepare
Registering precompiled user dll's ...
Registered in 0.001304 seconds.
Begin MonoManager ReloadAssembly
Native extension for WindowsStandalone target not found
Refreshing native plugins compatible for Editor in 0.40 ms, found 1 plugins.
Preloading 0 native plugins for Editor in 0.00 ms.
Mono: successfully reloaded assembly
- Completed reload, in  1.005 seconds
Platform modules already initialized, skipping
Refreshing native plugins compatible for Editor in 0.42 ms, found 1 plugins.
Preloading 0 native plugins for Editor in 0.00 ms.
Unloading 1814 Unused Serialized files (Serialized files now loaded: 0)
System memory in use before: 90.4 MB.
System memory in use after: 90.4 MB.

Unloading 12 unused Assets to reduce memory usage. Loaded Objects now: 2391.
Total: 2.840900 ms (FindLiveObjects: 0.307600 ms CreateObjectMapping: 0.129200 ms MarkObjects: 2.276600 ms  DeleteObjects: 0.124800 ms)

========================================================================
Received Prepare
Registering precompiled user dll's ...
Registered in 0.001230 seconds.
Begin MonoManager ReloadAssembly
Native extension for WindowsStandalone target not found
Refreshing native plugins compatible for Editor in 0.61 ms, found 1 plugins.
Preloading 0 native plugins for Editor in 0.00 ms.
Mono: successfully reloaded assembly
- Completed reload, in  0.986 seconds
Platform modules already initialized, skipping
Refreshing native plugins compatible for Editor in 0.41 ms, found 1 plugins.
Preloading 0 native plugins for Editor in 0.00 ms.
Unloading 1814 Unused Serialized files (Serialized files now loaded: 0)
System memory in use before: 90.4 MB.
System memory in use after: 90.4 MB.

Unloading 12 unused Assets to reduce memory usage. Loaded Objects now: 2395.
Total: 5.963000 ms (FindLiveObjects: 3.996000 ms CreateObjectMapping: 0.079200 ms MarkObjects: 1.758100 ms  DeleteObjects: 0.127900 ms)

========================================================================
Received Prepare
Registering precompiled user dll's ...
Registered in 0.000857 seconds.
Begin MonoManager ReloadAssembly
Native extension for WindowsStandalone target not found
Refreshing native plugins compatible for Editor in 0.40 ms, found 1 plugins.
Preloading 0 native plugins for Editor in 0.00 ms.
Mono: successfully reloaded assembly
- Completed reload, in  0.865 seconds
Platform modules already initialized, skipping
Refreshing native plugins compatible for Editor in 0.41 ms, found 1 plugins.
Preloading 0 native plugins for Editor in 0.00 ms.
Unloading 1814 Unused Serialized files (Serialized files now loaded: 0)
System memory in use before: 90.4 MB.
System memory in use after: 90.4 MB.

Unloading 12 unused Assets to reduce memory usage. Loaded Objects now: 2399.
Total: 2.316800 ms (FindLiveObjects: 0.288300 ms CreateObjectMapping: 0.099500 ms MarkObjects: 1.799300 ms  DeleteObjects: 0.127000 ms)

========================================================================
Received Import Request.
  Time since last request: 434.453279 seconds.
  path: Assets/Sprites/Characters/Felix/Felix 1.png
  artifactKey: Guid(848ff7bcb7b0e154cb815393a3c95d21) Importer(815301076,1909f56bfc062723c751e8b465ee728b)
Start importing Assets/Sprites/Characters/Felix/Felix 1.png using Guid(848ff7bcb7b0e154cb815393a3c95d21) Importer(815301076,1909f56bfc062723c751e8b465ee728b)  -> (artifact id: '36cd841807cc5812db490b43b602e113') in 0.075406 seconds
  Import took 0.079147 seconds .

========================================================================
Received Import Request.
  Time since last request: 372.358741 seconds.
  path: Assets/Sprites/Characters/Felix/Felix.png
  artifactKey: Guid(1377ae9fcfd400141b6b1a8edb1ea455) Importer(815301076,1909f56bfc062723c751e8b465ee728b)
Start importing Assets/Sprites/Characters/Felix/Felix.png using Guid(1377ae9fcfd400141b6b1a8edb1ea455) Importer(815301076,1909f56bfc062723c751e8b465ee728b)  -> (artifact id: '54eab16d8a8b0cf1ca20eec1d3d2a800') in 0.021880 seconds
  Import took 0.026791 seconds .

========================================================================
Received Import Request.
  Time since last request: 745.833051 seconds.
  path: Assets/Sprites/Characters/Felix/Idle_to_attack_one.png
  artifactKey: Guid(1ae301c0cba96734186132cca4a65b2e) Importer(815301076,1909f56bfc062723c751e8b465ee728b)
Start importing Assets/Sprites/Characters/Felix/Idle_to_attack_one.png using Guid(1ae301c0cba96734186132cca4a65b2e) Importer(815301076,1909f56bfc062723c751e8b465ee728b)  -> (artifact id: '5e78f91c5aff5ae12777cf2a70ec0dea') in 0.035985 seconds
  Import took 0.060434 seconds .

========================================================================
Received Import Request.
  Time since last request: 10.599168 seconds.
  path: Assets/Sprites/Characters/Felix/Idle_to_attack_one.png
  artifactKey: Guid(1ae301c0cba96734186132cca4a65b2e) Importer(815301076,1909f56bfc062723c751e8b465ee728b)
Start importing Assets/Sprites/Characters/Felix/Idle_to_attack_one.png using Guid(1ae301c0cba96734186132cca4a65b2e) Importer(815301076,1909f56bfc062723c751e8b465ee728b)  -> (artifact id: '43c42c2c375c688dc5ed9681aad4fd3b') in 0.021765 seconds
  Import took 0.026177 seconds .

========================================================================
Received Import Request.
  Time since last request: 425.447195 seconds.
  path: Assets/Sprites/Characters/Felix/Idle_to_attack_one.png
  artifactKey: Guid(1ae301c0cba96734186132cca4a65b2e) Importer(815301076,1909f56bfc062723c751e8b465ee728b)
Start importing Assets/Sprites/Characters/Felix/Idle_to_attack_one.png using Guid(1ae301c0cba96734186132cca4a65b2e) Importer(815301076,1909f56bfc062723c751e8b465ee728b)  -> (artifact id: '42b2683674a46292289deea6b5874b4d') in 0.074911 seconds
  Import took 0.094582 seconds .

========================================================================
Received Import Request.
  Time since last request: 1237.156581 seconds.
  path: Assets/Sprites/Characters/Felix/Normal_attack_one.png
  artifactKey: Guid(bd7b618da3a680f4299296002c68dbbf) Importer(815301076,1909f56bfc062723c751e8b465ee728b)
Start importing Assets/Sprites/Characters/Felix/Normal_attack_one.png using Guid(bd7b618da3a680f4299296002c68dbbf) Importer(815301076,1909f56bfc062723c751e8b465ee728b)  -> (artifact id: '18b8084f23698ca918d3607d370b9bd2') in 0.060831 seconds
  Import took 0.073424 seconds .

========================================================================
Received Import Request.
  Time since last request: 21.606090 seconds.
  path: Assets/Sprites/Characters/Felix/Normal_attack_one.png
  artifactKey: Guid(bd7b618da3a680f4299296002c68dbbf) Importer(815301076,1909f56bfc062723c751e8b465ee728b)
Start importing Assets/Sprites/Characters/Felix/Normal_attack_one.png using Guid(bd7b618da3a680f4299296002c68dbbf) Importer(815301076,1909f56bfc062723c751e8b465ee728b)  -> (artifact id: 'bc0a70fa6947e498792c8f0003b2358c') in 0.044370 seconds
  Import took 0.080348 seconds .

========================================================================
Received Import Request.
  Time since last request: 407.521713 seconds.
  path: Assets/Sprites/Characters/Felix/Normal_attack_one.png
  artifactKey: Guid(bd7b618da3a680f4299296002c68dbbf) Importer(815301076,1909f56bfc062723c751e8b465ee728b)
Start importing Assets/Sprites/Characters/Felix/Normal_attack_one.png using Guid(bd7b618da3a680f4299296002c68dbbf) Importer(815301076,1909f56bfc062723c751e8b465ee728b)  -> (artifact id: '7cdf01ccf3fb1346fa5b86ab49708a29') in 0.052318 seconds
  Import took 0.064080 seconds .

========================================================================
Received Import Request.
  Time since last request: 912.084528 seconds.
  path: Assets/Sprites/Characters/Felix/Normal_attack_one.png
  artifactKey: Guid(bd7b618da3a680f4299296002c68dbbf) Importer(815301076,1909f56bfc062723c751e8b465ee728b)
Start importing Assets/Sprites/Characters/Felix/Normal_attack_one.png using Guid(bd7b618da3a680f4299296002c68dbbf) Importer(815301076,1909f56bfc062723c751e8b465ee728b)  -> (artifact id: 'a8effa73bc453909b4b4aab2670c8346') in 0.066568 seconds
  Import took 0.090727 seconds .

========================================================================
Received Import Request.
  Time since last request: 191.538280 seconds.
  path: Assets/Sprites/Characters/Felix/AttackOneEnd.anim
  artifactKey: Guid(af08e0f84be4bec4fa8520e957dbc995) Importer(815301076,1909f56bfc062723c751e8b465ee728b)
Start importing Assets/Sprites/Characters/Felix/AttackOneEnd.anim using Guid(af08e0f84be4bec4fa8520e957dbc995) Importer(815301076,1909f56bfc062723c751e8b465ee728b)  -> (artifact id: '06a389e82fdefb93f138bfbcf5ffeb70') in 0.051545 seconds
  Import took 0.075307 seconds .

========================================================================
Received Import Request.
  Time since last request: 37.138935 seconds.
  path: Assets/Sprites/Characters/Felix/AttackOne.anim
  artifactKey: Guid(817a12a1cedd5af4f948394b3df1c2b8) Importer(815301076,1909f56bfc062723c751e8b465ee728b)
Start importing Assets/Sprites/Characters/Felix/AttackOne.anim using Guid(817a12a1cedd5af4f948394b3df1c2b8) Importer(815301076,1909f56bfc062723c751e8b465ee728b)  -> (artifact id: '98125f2c89be1068541bdd41ad42b2dc') in 0.013668 seconds
  Import took 0.038412 seconds .

========================================================================
Received Prepare
Registering precompiled user dll's ...
Registered in 0.018951 seconds.
Begin MonoManager ReloadAssembly
Native extension for WindowsStandalone target not found
Refreshing native plugins compatible for Editor in 0.54 ms, found 1 plugins.
Preloading 0 native plugins for Editor in 0.00 ms.
Mono: successfully reloaded assembly
- Completed reload, in  1.367 seconds
Platform modules already initialized, skipping
Refreshing native plugins compatible for Editor in 0.45 ms, found 1 plugins.
Preloading 0 native plugins for Editor in 0.00 ms.
Unloading 1815 Unused Serialized files (Serialized files now loaded: 0)
System memory in use before: 90.5 MB.
System memory in use after: 90.5 MB.

Unloading 12 unused Assets to reduce memory usage. Loaded Objects now: 2409.
Total: 3.094300 ms (FindLiveObjects: 0.232100 ms CreateObjectMapping: 0.095900 ms MarkObjects: 2.626800 ms  DeleteObjects: 0.137000 ms)

========================================================================
Received Import Request.
  Time since last request: 472.537879 seconds.
  path: Assets/IdleBehaviour.cs
  artifactKey: Guid(f01294453fb33bb4aaae33eb858d8085) Importer(815301076,1909f56bfc062723c751e8b465ee728b)
Start importing Assets/IdleBehaviour.cs using Guid(f01294453fb33bb4aaae33eb858d8085) Importer(815301076,1909f56bfc062723c751e8b465ee728b)  -> (artifact id: '25ff6a6ba4d9117bfd11a8dabfba7920') in 0.069640 seconds
  Import took 0.090621 seconds .

========================================================================
Received Import Request.
  Time since last request: 0.012796 seconds.
  path: Assets/IdleBehaviour.cs
  artifactKey: Guid(f01294453fb33bb4aaae33eb858d8085) Importer(815301076,1909f56bfc062723c751e8b465ee728b)
Start importing Assets/IdleBehaviour.cs using Guid(f01294453fb33bb4aaae33eb858d8085) Importer(815301076,1909f56bfc062723c751e8b465ee728b)  -> (artifact id: '25ff6a6ba4d9117bfd11a8dabfba7920') in 0.003987 seconds
  Import took 0.017097 seconds .

========================================================================
Received Prepare
Registering precompiled user dll's ...
Registered in 0.000987 seconds.
Begin MonoManager ReloadAssembly
Native extension for WindowsStandalone target not found
Refreshing native plugins compatible for Editor in 0.40 ms, found 1 plugins.
Preloading 0 native plugins for Editor in 0.00 ms.
Mono: successfully reloaded assembly
- Completed reload, in  0.969 seconds
Platform modules already initialized, skipping
Refreshing native plugins compatible for Editor in 0.40 ms, found 1 plugins.
Preloading 0 native plugins for Editor in 0.00 ms.
Unloading 1815 Unused Serialized files (Serialized files now loaded: 0)
System memory in use before: 90.5 MB.
System memory in use after: 90.5 MB.

Unloading 12 unused Assets to reduce memory usage. Loaded Objects now: 2413.
Total: 2.907400 ms (FindLiveObjects: 0.506100 ms CreateObjectMapping: 0.137500 ms MarkObjects: 2.125100 ms  DeleteObjects: 0.136100 ms)

========================================================================
Received Prepare
Registering precompiled user dll's ...
Registered in 0.001164 seconds.
Begin MonoManager ReloadAssembly
Native extension for WindowsStandalone target not found
Refreshing native plugins compatible for Editor in 0.43 ms, found 1 plugins.
Preloading 0 native plugins for Editor in 0.00 ms.
Mono: successfully reloaded assembly
- Completed reload, in  0.982 seconds
Platform modules already initialized, skipping
Refreshing native plugins compatible for Editor in 0.43 ms, found 1 plugins.
Preloading 0 native plugins for Editor in 0.00 ms.
Unloading 1814 Unused Serialized files (Serialized files now loaded: 0)
System memory in use before: 90.5 MB.
System memory in use after: 90.5 MB.

Unloading 13 unused Assets to reduce memory usage. Loaded Objects now: 2416.
Total: 2.500900 ms (FindLiveObjects: 0.300200 ms CreateObjectMapping: 0.106700 ms MarkObjects: 1.955400 ms  DeleteObjects: 0.137200 ms)

========================================================================
Received Prepare
Registering precompiled user dll's ...
Registered in 0.000995 seconds.
Begin MonoManager ReloadAssembly
Native extension for WindowsStandalone target not found
Refreshing native plugins compatible for Editor in 0.42 ms, found 1 plugins.
Preloading 0 native plugins for Editor in 0.00 ms.
Mono: successfully reloaded assembly
- Completed reload, in  0.958 seconds
Platform modules already initialized, skipping
Refreshing native plugins compatible for Editor in 0.41 ms, found 1 plugins.
Preloading 0 native plugins for Editor in 0.00 ms.
Unloading 1815 Unused Serialized files (Serialized files now loaded: 0)
System memory in use before: 90.5 MB.
System memory in use after: 90.5 MB.

Unloading 12 unused Assets to reduce memory usage. Loaded Objects now: 2421.
Total: 2.519400 ms (FindLiveObjects: 0.233300 ms CreateObjectMapping: 0.084300 ms MarkObjects: 2.072500 ms  DeleteObjects: 0.127400 ms)

========================================================================
Received Prepare
Registering precompiled user dll's ...
Registered in 0.001228 seconds.
Begin MonoManager ReloadAssembly
Native extension for WindowsStandalone target not found
Refreshing native plugins compatible for Editor in 0.40 ms, found 1 plugins.
Preloading 0 native plugins for Editor in 0.00 ms.
Mono: successfully reloaded assembly
- Completed reload, in  0.979 seconds
Platform modules already initialized, skipping
Refreshing native plugins compatible for Editor in 0.43 ms, found 1 plugins.
Preloading 0 native plugins for Editor in 0.00 ms.
Unloading 1815 Unused Serialized files (Serialized files now loaded: 0)
System memory in use before: 90.5 MB.
System memory in use after: 90.5 MB.

Unloading 12 unused Assets to reduce memory usage. Loaded Objects now: 2425.
Total: 2.583100 ms (FindLiveObjects: 0.245900 ms CreateObjectMapping: 0.097400 ms MarkObjects: 2.107300 ms  DeleteObjects: 0.130100 ms)

========================================================================
Received Prepare
Registering precompiled user dll's ...
Registered in 0.001109 seconds.
Begin MonoManager ReloadAssembly
Native extension for WindowsStandalone target not found
Refreshing native plugins compatible for Editor in 0.40 ms, found 1 plugins.
Preloading 0 native plugins for Editor in 0.00 ms.
Mono: successfully reloaded assembly
- Completed reload, in  0.953 seconds
Platform modules already initialized, skipping
Refreshing native plugins compatible for Editor in 0.41 ms, found 1 plugins.
Preloading 0 native plugins for Editor in 0.00 ms.
Unloading 1815 Unused Serialized files (Serialized files now loaded: 0)
System memory in use before: 90.5 MB.
System memory in use after: 90.5 MB.

Unloading 12 unused Assets to reduce memory usage. Loaded Objects now: 2429.
Total: 3.085600 ms (FindLiveObjects: 0.417100 ms CreateObjectMapping: 0.247400 ms MarkObjects: 2.283400 ms  DeleteObjects: 0.135400 ms)

========================================================================
Received Prepare
Registering precompiled user dll's ...
Registered in 0.001032 seconds.
Begin MonoManager ReloadAssembly
Native extension for WindowsStandalone target not found
Refreshing native plugins compatible for Editor in 0.40 ms, found 1 plugins.
Preloading 0 native plugins for Editor in 0.00 ms.
Mono: successfully reloaded assembly
- Completed reload, in  0.981 seconds
Platform modules already initialized, skipping
Refreshing native plugins compatible for Editor in 0.45 ms, found 1 plugins.
Preloading 0 native plugins for Editor in 0.00 ms.
Unloading 1815 Unused Serialized files (Serialized files now loaded: 0)
System memory in use before: 90.5 MB.
System memory in use after: 90.5 MB.

Unloading 12 unused Assets to reduce memory usage. Loaded Objects now: 2433.
Total: 2.849100 ms (FindLiveObjects: 0.242300 ms CreateObjectMapping: 0.105300 ms MarkObjects: 2.353000 ms  DeleteObjects: 0.145700 ms)

========================================================================
Received Prepare
Registering precompiled user dll's ...
Registered in 0.001578 seconds.
Begin MonoManager ReloadAssembly
Native extension for WindowsStandalone target not found
Refreshing native plugins compatible for Editor in 0.42 ms, found 1 plugins.
Preloading 0 native plugins for Editor in 0.00 ms.
Mono: successfully reloaded assembly
- Completed reload, in  1.105 seconds
Platform modules already initialized, skipping
Refreshing native plugins compatible for Editor in 0.43 ms, found 1 plugins.
Preloading 0 native plugins for Editor in 0.00 ms.
Unloading 1815 Unused Serialized files (Serialized files now loaded: 0)
System memory in use before: 90.5 MB.
System memory in use after: 90.5 MB.

Unloading 12 unused Assets to reduce memory usage. Loaded Objects now: 2437.
Total: 2.713200 ms (FindLiveObjects: 0.278400 ms CreateObjectMapping: 0.166900 ms MarkObjects: 2.133800 ms  DeleteObjects: 0.131700 ms)

========================================================================
Received Prepare
Registering precompiled user dll's ...
Registered in 0.000902 seconds.
Begin MonoManager ReloadAssembly
Native extension for WindowsStandalone target not found
Refreshing native plugins compatible for Editor in 0.41 ms, found 1 plugins.
Preloading 0 native plugins for Editor in 0.00 ms.
Mono: successfully reloaded assembly
- Completed reload, in  1.010 seconds
Platform modules already initialized, skipping
Refreshing native plugins compatible for Editor in 0.42 ms, found 1 plugins.
Preloading 0 native plugins for Editor in 0.00 ms.
Unloading 1815 Unused Serialized files (Serialized files now loaded: 0)
System memory in use before: 90.6 MB.
System memory in use after: 90.5 MB.

Unloading 12 unused Assets to reduce memory usage. Loaded Objects now: 2441.
Total: 3.081500 ms (FindLiveObjects: 0.455400 ms CreateObjectMapping: 0.222600 ms MarkObjects: 2.145300 ms  DeleteObjects: 0.255600 ms)

========================================================================
Received Prepare
Registering precompiled user dll's ...
Registered in 0.002782 seconds.
Begin MonoManager ReloadAssembly
Native extension for WindowsStandalone target not found
Refreshing native plugins compatible for Editor in 0.65 ms, found 1 plugins.
Preloading 0 native plugins for Editor in 0.00 ms.
Mono: successfully reloaded assembly
- Completed reload, in  1.501 seconds
Platform modules already initialized, skipping
Refreshing native plugins compatible for Editor in 0.65 ms, found 1 plugins.
Preloading 0 native plugins for Editor in 0.00 ms.
Unloading 1815 Unused Serialized files (Serialized files now loaded: 0)
System memory in use before: 90.6 MB.
System memory in use after: 90.5 MB.

Unloading 12 unused Assets to reduce memory usage. Loaded Objects now: 2445.
Total: 3.363700 ms (FindLiveObjects: 0.401800 ms CreateObjectMapping: 0.159800 ms MarkObjects: 2.638900 ms  DeleteObjects: 0.161000 ms)

========================================================================
Received Prepare
Registering precompiled user dll's ...
Registered in 0.001205 seconds.
Begin MonoManager ReloadAssembly
Native extension for WindowsStandalone target not found
Refreshing native plugins compatible for Editor in 0.39 ms, found 1 plugins.
Preloading 0 native plugins for Editor in 0.00 ms.
Mono: successfully reloaded assembly
- Completed reload, in  0.996 seconds
Platform modules already initialized, skipping
Refreshing native plugins compatible for Editor in 0.46 ms, found 1 plugins.
Preloading 0 native plugins for Editor in 0.00 ms.
Unloading 1815 Unused Serialized files (Serialized files now loaded: 0)
System memory in use before: 90.6 MB.
System memory in use after: 90.5 MB.

Unloading 12 unused Assets to reduce memory usage. Loaded Objects now: 2449.
Total: 2.724100 ms (FindLiveObjects: 0.282900 ms CreateObjectMapping: 0.113000 ms MarkObjects: 2.189400 ms  DeleteObjects: 0.136600 ms)

========================================================================
Received Prepare
Registering precompiled user dll's ...
Registered in 0.001114 seconds.
Begin MonoManager ReloadAssembly
Native extension for WindowsStandalone target not found
Refreshing native plugins compatible for Editor in 0.39 ms, found 1 plugins.
Preloading 0 native plugins for Editor in 0.00 ms.
Mono: successfully reloaded assembly
- Completed reload, in  0.835 seconds
Platform modules already initialized, skipping
Refreshing native plugins compatible for Editor in 0.56 ms, found 1 plugins.
Preloading 0 native plugins for Editor in 0.00 ms.
Unloading 1815 Unused Serialized files (Serialized files now loaded: 0)
System memory in use before: 90.6 MB.
System memory in use after: 90.6 MB.

Unloading 12 unused Assets to reduce memory usage. Loaded Objects now: 2453.
Total: 2.774200 ms (FindLiveObjects: 0.250100 ms CreateObjectMapping: 0.074800 ms MarkObjects: 2.313900 ms  DeleteObjects: 0.133600 ms)

========================================================================
Received Import Request.
  Time since last request: 1259.455911 seconds.
  path: Assets/Sprites/Characters/Felix/IdleToAttackOne.anim
  artifactKey: Guid(1c2869c44c9f4fc4bbfd7a15b1e3349c) Importer(815301076,1909f56bfc062723c751e8b465ee728b)
Start importing Assets/Sprites/Characters/Felix/IdleToAttackOne.anim using Guid(1c2869c44c9f4fc4bbfd7a15b1e3349c) Importer(815301076,1909f56bfc062723c751e8b465ee728b)  -> (artifact id: '26f8dd6d9f4c6c467ce9122f2259248e') in 0.021363 seconds
  Import took 0.025372 seconds .

========================================================================
Received Import Request.
  Time since last request: 62.759265 seconds.
  path: Assets/Animations/Felix/Pixel/IdleToNormalAttack.anim
  artifactKey: Guid(1c2869c44c9f4fc4bbfd7a15b1e3349c) Importer(815301076,1909f56bfc062723c751e8b465ee728b)
Start importing Assets/Animations/Felix/Pixel/IdleToNormalAttack.anim using Guid(1c2869c44c9f4fc4bbfd7a15b1e3349c) Importer(815301076,1909f56bfc062723c751e8b465ee728b)  -> (artifact id: '59cb4207c688b476bc936727789e0eb7') in 0.011713 seconds
  Import took 0.017409 seconds .

========================================================================
Received Prepare
Registering precompiled user dll's ...
Registered in 0.000874 seconds.
Begin MonoManager ReloadAssembly
Native extension for WindowsStandalone target not found
Refreshing native plugins compatible for Editor in 0.39 ms, found 1 plugins.
Preloading 0 native plugins for Editor in 0.00 ms.
Mono: successfully reloaded assembly
- Completed reload, in  0.817 seconds
Platform modules already initialized, skipping
Refreshing native plugins compatible for Editor in 0.40 ms, found 1 plugins.
Preloading 0 native plugins for Editor in 0.00 ms.
Unloading 1815 Unused Serialized files (Serialized files now loaded: 0)
System memory in use before: 90.6 MB.
System memory in use after: 90.6 MB.

Unloading 12 unused Assets to reduce memory usage. Loaded Objects now: 2457.
Total: 2.694700 ms (FindLiveObjects: 0.336800 ms CreateObjectMapping: 0.123400 ms MarkObjects: 2.096100 ms  DeleteObjects: 0.135600 ms)

AssetImportWorkerClient::OnTransportError - code=2 error=End of file
